===============================
= Setting up the environment =
===============================

Changing directory to the location of the script...
Directory changed to /home/epp2/code



===============================
= Installing Python          =
===============================




===============================
= Installing Dependencies    =
===============================

Looking in indexes: https://pypi.org/simple, https://www.piwheels.org/simple
Requirement already satisfied: pip in ./env/lib/python3.13/site-packages (26.0.1)

Looking in indexes: https://pypi.org/simple, https://www.piwheels.org/simple
Requirement already satisfied: matplotlib in ./env/lib/python3.13/site-packages (3.10.8)
Requirement already satisfied: pyserial in /usr/lib/python3/dist-packages (3.5)
Requirement already satisfied: contourpy>=1.0.1 in ./env/lib/python3.13/site-packages (from matplotlib) (1.3.3)
Requirement already satisfied: cycler>=0.10 in ./env/lib/python3.13/site-packages (from matplotlib) (0.12.1)
Requirement already satisfied: fonttools>=4.22.0 in ./env/lib/python3.13/site-packages (from matplotlib) (4.62.0)
Requirement already satisfied: kiwisolver>=1.3.1 in ./env/lib/python3.13/site-packages (from matplotlib) (1.5.0)
Requirement already satisfied: numpy>=1.23 in /usr/lib/python3/dist-packages (from matplotlib) (2.2.4)
Requirement already satisfied: packaging>=20.0 in /usr/lib/python3/dist-packages (from matplotlib) (25.0)
Requirement already satisfied: pillow>=8 in /usr/lib/python3/dist-packages (from matplotlib) (11.1.0)
Requirement already satisfied: pyparsing>=3 in ./env/lib/python3.13/site-packages (from matplotlib) (3.3.2)
Requirement already satisfied: python-dateutil>=2.7 in /usr/lib/python3/dist-packages (from matplotlib) (2.9.0)

Setup complete. To activate the environment, run:
  source env/bin/activate
